<?xml version="1.0" encoding="UTF-8"?>
<!-- Generated by org.testng.reporters.JUnitReportReporter -->
<testsuite skipped="0" hostname="Pirai-PC" name="automatedemo.AddToCart" tests="1" failures="0" timestamp="2020-07-16T23:07:14 IST" time="19.074" errors="0">
  <testcase name="addToCartTest" time="19.074" classname="automatedemo.AddToCart"/>
  <system-out/>
</testsuite> <!-- automatedemo.AddToCart -->
