<?xml version="1.0" encoding="UTF-8"?>
<!-- Generated by org.testng.reporters.JUnitReportReporter -->
<testsuite skipped="0" hostname="Pirai-PC" name="automatedemo.LoginStep" tests="1" failures="0" timestamp="2020-07-16T22:32:00 IST" time="129.569" errors="0">
  <testcase name="loginTest" time="129.569" classname="automatedemo.LoginStep"/>
  <system-out/>
</testsuite> <!-- automatedemo.LoginStep -->
