<?xml version="1.0" encoding="UTF-8"?>
<!-- Generated by org.testng.reporters.JUnitReportReporter -->
<testsuite skipped="0" hostname="Pirai-PC" name="automatedemo.Register" tests="1" failures="0" timestamp="2020-07-17T12:26:04 IST" time="40.079" errors="0">
  <testcase name="registrationTest" time="40.079" classname="automatedemo.Register"/>
  <system-out/>
</testsuite> <!-- automatedemo.Register -->
