<?xml version="1.0" encoding="UTF-8"?>
<!-- Generated by org.testng.reporters.JUnitReportReporter -->
<testsuite skipped="0" hostname="Pirai-PC" name="automatedemo.Search" tests="1" failures="0" timestamp="2020-07-16T22:54:01 IST" time="68.565" errors="0">
  <testcase name="search" time="68.565" classname="automatedemo.Search"/>
  <system-out/>
</testsuite> <!-- automatedemo.Search -->
